#
# There is insufficient memory for the Java Runtime Environment to continue.
# Native memory allocation (malloc) failed to allocate 1048576 bytes for AllocateHeap
# Possible reasons:
#   The system is out of physical RAM or swap space
#   The process is running with CompressedOops enabled, and the Java Heap may be blocking the growth of the native heap
# Possible solutions:
#   Reduce memory load on the system
#   Increase physical memory or swap space
#   Check if swap backing store is full
#   Decrease Java heap size (-Xmx/-Xms)
#   Decrease number of Java threads
#   Decrease Java thread stack sizes (-Xss)
#   Set larger code cache with -XX:ReservedCodeCacheSize=
#   JVM is running with Unscaled Compressed Oops mode in which the Java heap is
#     placed in the first 4GB address space. The Java Heap base address is the
#     maximum limit for the native heap growth. Please use -XX:HeapBaseMinAddress
#     to set the Java Heap base and to place the Java Heap above 4GB virtual address.
# This output file may be truncated or incomplete.
#
#  Out of Memory Error (memory/allocation.inline.hpp:61), pid=17484, tid=0x0000000000007454
#
# JRE version:  (8.0_211-b12) (build )
# Java VM: Java HotSpot(TM) 64-Bit Server VM (25.211-b12 mixed mode windows-amd64 compressed oops)
# Failed to write core dump. Minidumps are not enabled by default on client versions of Windows
#

---------------  T H R E A D  ---------------

Current thread (0x000000000317d800):  JavaThread "Unknown thread" [_thread_in_vm, id=29780, stack(0x0000000003180000,0x0000000003280000)]

Stack: [0x0000000003180000,0x0000000003280000]
[error occurred during error reporting (printing stack bounds), id 0xc0000005]

Native frames: (J=compiled Java code, j=interpreted, Vv=VM code, C=native code)


---------------  P R O C E S S  ---------------

Java Threads: ( => current thread )

Other Threads:

=>0x000000000317d800 (exited) JavaThread "Unknown thread" [_thread_in_vm, id=29780, stack(0x0000000003180000,0x0000000003280000)]

VM state:not at safepoint (normal execution)

VM Mutex/Monitor currently owned by a thread: None

heap address: 0x0000000082600000, size: 2010 MB, Compressed Oops mode: 32-bit
Narrow klass base: 0x0000000000000000, Narrow klass shift: 3
Compressed class space size: 1073741824 Address: 0x0000000100000000

Heap:
 PSYoungGen      total 37888K, used 655K [0x00000000d6200000, 0x00000000d8c00000, 0x0000000100000000)
  eden space 32768K, 2% used [0x00000000d6200000,0x00000000d62a3d80,0x00000000d8200000)
  from space 5120K, 0% used [0x00000000d8700000,0x00000000d8700000,0x00000000d8c00000)
  to   space 5120K, 0% used [0x00000000d8200000,0x00000000d8200000,0x00000000d8700000)
 ParOldGen       total 86016K, used 0K [0x0000000082600000, 0x0000000087a00000, 0x00000000d6200000)
  object space 86016K, 0% used [0x0000000082600000,0x0000000082600000,0x0000000087a00000)
 Metaspace       used 775K, capacity 4480K, committed 4480K, reserved 1056768K
  class space    used 76K, capacity 384K, committed 384K, reserved 1048576K

Card table byte_map: [0x0000000012740000,0x0000000012b30000] byte_map_base: 0x000000001232d000

Marking Bits: (ParMarkBitMap*) 0x000000005ea05ce0
 Begin Bits: [0x00000000137d0000, 0x0000000015738000)
 End Bits:   [0x0000000015738000, 0x00000000176a0000)

Polling page: 0x0000000000bf0000

CodeCache: size=245760Kb used=328Kb max_used=328Kb free=245431Kb
 bounds [0x0000000003380000, 0x00000000035f0000, 0x0000000012380000]
 total_blobs=58 nmethods=0 adapters=38
 compilation: enabled

Compilation events (0 events):
No events

GC Heap History (0 events):
No events

Deoptimization events (0 events):
No events

Classes redefined (0 events):
No events

Internal exceptions (0 events):
No events

Events (10 events):
Event: 0.026 loading class java/lang/Short
Event: 0.026 loading class java/lang/Short done
Event: 0.026 loading class java/lang/Integer
Event: 0.026 loading class java/lang/Integer done
Event: 0.026 loading class java/lang/Long
Event: 0.027 loading class java/lang/Long done
Event: 0.028 loading class java/lang/NullPointerException
Event: 0.028 loading class java/lang/NullPointerException done
Event: 0.028 loading class java/lang/ArithmeticException
Event: 0.028 loading class java/lang/ArithmeticException done


Dynamic libraries:
0x00007ff783990000 - 0x00007ff7839c7000 	C:\jdk1.8.0_211\bin\javaw.exe
0x00007ffb7ce40000 - 0x00007ffb7d021000 	C:\WINDOWS\SYSTEM32\ntdll.dll
0x00007ffb7c4d0000 - 0x00007ffb7c581000 	C:\WINDOWS\System32\KERNEL32.DLL
0x00007ffb79390000 - 0x00007ffb79603000 	C:\WINDOWS\System32\KERNELBASE.dll
0x00007ffb7c950000 - 0x00007ffb7c9f1000 	C:\WINDOWS\System32\ADVAPI32.dll
0x00007ffb7bdf0000 - 0x00007ffb7be8e000 	C:\WINDOWS\System32\msvcrt.dll
0x00007ffb7c8f0000 - 0x00007ffb7c94b000 	C:\WINDOWS\System32\sechost.dll
0x00007ffb7c2e0000 - 0x00007ffb7c404000 	C:\WINDOWS\System32\RPCRT4.dll
0x00007ffb7bbe0000 - 0x00007ffb7bd70000 	C:\WINDOWS\System32\USER32.dll
0x00007ffb79760000 - 0x00007ffb79780000 	C:\WINDOWS\System32\win32u.dll
0x00007ffb7a6f0000 - 0x00007ffb7a718000 	C:\WINDOWS\System32\GDI32.dll
0x00007ffb79970000 - 0x00007ffb79b02000 	C:\WINDOWS\System32\gdi32full.dll
0x00007ffb79660000 - 0x00007ffb796ff000 	C:\WINDOWS\System32\msvcp_win.dll
0x00007ffb79290000 - 0x00007ffb79388000 	C:\WINDOWS\System32\ucrtbase.dll
0x00007ffb6b360000 - 0x00007ffb6b5c9000 	C:\WINDOWS\WinSxS\amd64_microsoft.windows.common-controls_6595b64144ccf1df_6.0.17134.706_none_fb43a2cb30647007\COMCTL32.dll
0x00007ffb7ca10000 - 0x00007ffb7cd32000 	C:\WINDOWS\System32\combase.dll
0x00007ffb79210000 - 0x00007ffb7928a000 	C:\WINDOWS\System32\bcryptPrimitives.dll
0x00007ffb7a4e0000 - 0x00007ffb7a50d000 	C:\WINDOWS\System32\IMM32.DLL
0x00000000600a0000 - 0x0000000060172000 	C:\jdk1.8.0_211\jre\bin\msvcr100.dll
0x000000005e1e0000 - 0x000000005ea85000 	C:\jdk1.8.0_211\jre\bin\server\jvm.dll
0x00007ffb7a720000 - 0x00007ffb7a728000 	C:\WINDOWS\System32\PSAPI.DLL
0x00007ffb55d00000 - 0x00007ffb55d09000 	C:\WINDOWS\SYSTEM32\WSOCK32.dll
0x00007ffb75ff0000 - 0x00007ffb76013000 	C:\WINDOWS\SYSTEM32\WINMM.dll
0x00007ffb748b0000 - 0x00007ffb748ba000 	C:\WINDOWS\SYSTEM32\VERSION.dll
0x00007ffb7a730000 - 0x00007ffb7a79c000 	C:\WINDOWS\System32\WS2_32.dll
0x00007ffb75fc0000 - 0x00007ffb75fea000 	C:\WINDOWS\SYSTEM32\winmmbase.dll
0x00007ffb79610000 - 0x00007ffb79659000 	C:\WINDOWS\System32\cfgmgr32.dll
0x00007ffb757e0000 - 0x00007ffb757ef000 	C:\jdk1.8.0_211\jre\bin\verify.dll
0x00007ffb70280000 - 0x00007ffb702a9000 	C:\jdk1.8.0_211\jre\bin\java.dll
0x00007ffb72f60000 - 0x00007ffb72f76000 	C:\jdk1.8.0_211\jre\bin\zip.dll

VM Arguments:
jvm_args: -Dfile.encoding=MS949 
java_command: Test
java_class_path (initial): D:\java\workspace\11-Method\bin
Launcher Type: SUN_STANDARD

Environment Variables:
JAVA_HOME=C:\jdk1.8.0_211
CLASSPATH=C:\jdk1.8.0_211\lib
PATH=C:/jdk1.8.0_211/bin/../jre/bin/server;C:/jdk1.8.0_211/bin/../jre/bin;C:/jdk1.8.0_211/bin/../jre/lib/amd64;C:\oraclexe\app\oracle\product\11.2.0\server\bin;;C:\jdk1.8.0_211\bin;C:\Program Files (x86)\Common Files\Oracle\Java\javapath";C:\Program Files (x86)\NAT Service;C:\Program Files (x86)\Intel\Intel(R) Management Engine Components\iCLS\;C:\Program Files\Intel\Intel(R) Management Engine Components\iCLS\;C:\Windows\system32;C:\Windows;C:\Windows\System32\Wbem;C:\Windows\System32\WindowsPowerShell\v1.0\;C:\Program Files (x86)\NVIDIA Corporation\PhysX\Common;C:\Program Files (x86)\Intel\Intel(R) Management Engine Components\DAL;C:\Program Files\Intel\Intel(R) Management Engine Components\DAL;C:\Program Files (x86)\Intel\Intel(R) Management Engine Components\IPT;C:\Program Files\Intel\Intel(R) Management Engine Components\IPT;C:\WINDOWS\system32;C:\WINDOWS;C:\WINDOWS\System32\Wbem;C:\WINDOWS\System32\WindowsPowerShell\v1.0\;C:\WINDOWS\System32\OpenSSH\;C:\Program Files\NVIDIA Corporation\NVIDIA NvDLISR;C:\Users\dhdms\AppData\Local\Microsoft\WindowsApps;C:\Program Files\Bandizip\;C:\Program Files (x86)\ESTsoft\ALSee\x64;D:\java\eclipse;
USERNAME=oh
OS=Windows_NT
PROCESSOR_IDENTIFIER=Intel64 Family 6 Model 158 Stepping 10, GenuineIntel



---------------  S Y S T E M  ---------------

OS: Windows 10.0 , 64 bit Build 17134 (10.0.17134.706)

CPU:total 12 (initial active 12) (6 cores per cpu, 2 threads per core) family 6 model 158 stepping 10, cmov, cx8, fxsr, mmx, sse, sse2, sse3, ssse3, sse4.1, sse4.2, popcnt, avx, avx2, aes, clmul, erms, rtm, 3dnowpref, lzcnt, ht, tsc, tscinvbit, bmi1, bmi2, adx

Memory: 4k page, physical 8229712k(2319424k free), swap 16421712k(13680k free)

vm_info: Java HotSpot(TM) 64-Bit Server VM (25.211-b12) for windows-amd64 JRE (1.8.0_211-b12), built on Apr  1 2019 20:53:26 by "java_re" with MS VC++ 10.0 (VS2010)

time: Mon May 06 17:38:59 2019
timezone: 대한민국 표준시
elapsed time: 0 seconds (0d 0h 0m 0s)

