#
# There is insufficient memory for the Java Runtime Environment to continue.
# Native memory allocation (malloc) failed to allocate 1048576 bytes for AllocateHeap
# Possible reasons:
#   The system is out of physical RAM or swap space
#   The process is running with CompressedOops enabled, and the Java Heap may be blocking the growth of the native heap
# Possible solutions:
#   Reduce memory load on the system
#   Increase physical memory or swap space
#   Check if swap backing store is full
#   Decrease Java heap size (-Xmx/-Xms)
#   Decrease number of Java threads
#   Decrease Java thread stack sizes (-Xss)
#   Set larger code cache with -XX:ReservedCodeCacheSize=
#   JVM is running with Unscaled Compressed Oops mode in which the Java heap is
#     placed in the first 4GB address space. The Java Heap base address is the
#     maximum limit for the native heap growth. Please use -XX:HeapBaseMinAddress
#     to set the Java Heap base and to place the Java Heap above 4GB virtual address.
# This output file may be truncated or incomplete.
#
#  Out of Memory Error (memory/allocation.inline.hpp:61), pid=11468, tid=0x0000000000007228
#
# JRE version:  (8.0_211-b12) (build )
# Java VM: Java HotSpot(TM) 64-Bit Server VM (25.211-b12 mixed mode windows-amd64 compressed oops)
# Failed to write core dump. Minidumps are not enabled by default on client versions of Windows
#

---------------  T H R E A D  ---------------

Current thread (0x000000000378d800):  JavaThread "Unknown thread" [_thread_in_vm, id=29224, stack(0x0000000003630000,0x0000000003730000)]

Stack: [0x0000000003630000,0x0000000003730000]
[error occurred during error reporting (printing stack bounds), id 0xc0000005]

Native frames: (J=compiled Java code, j=interpreted, Vv=VM code, C=native code)


---------------  P R O C E S S  ---------------

Java Threads: ( => current thread )

Other Threads:

=>0x000000000378d800 (exited) JavaThread "Unknown thread" [_thread_in_vm, id=29224, stack(0x0000000003630000,0x0000000003730000)]

VM state:not at safepoint (normal execution)

VM Mutex/Monitor currently owned by a thread: None

heap address: 0x0000000082600000, size: 2010 MB, Compressed Oops mode: 32-bit
Narrow klass base: 0x0000000000000000, Narrow klass shift: 3
Compressed class space size: 1073741824 Address: 0x0000000100000000

Heap:
 PSYoungGen      total 37888K, used 655K [0x00000000d6200000, 0x00000000d8c00000, 0x0000000100000000)
  eden space 32768K, 2% used [0x00000000d6200000,0x00000000d62a3d80,0x00000000d8200000)
  from space 5120K, 0% used [0x00000000d8700000,0x00000000d8700000,0x00000000d8c00000)
  to   space 5120K, 0% used [0x00000000d8200000,0x00000000d8200000,0x00000000d8700000)
 ParOldGen       total 86016K, used 0K [0x0000000082600000, 0x0000000087a00000, 0x00000000d6200000)
  object space 86016K, 0% used [0x0000000082600000,0x0000000082600000,0x0000000087a00000)
 Metaspace       used 775K, capacity 4480K, committed 4480K, reserved 1056768K
  class space    used 76K, capacity 384K, committed 384K, reserved 1048576K

Card table byte_map: [0x0000000012c50000,0x0000000013040000] byte_map_base: 0x000000001283d000

Marking Bits: (ParMarkBitMap*) 0x000000006ad55ce0
 Begin Bits: [0x0000000013ce0000, 0x0000000015c48000)
 End Bits:   [0x0000000015c48000, 0x0000000017bb0000)

Polling page: 0x0000000000fd0000

CodeCache: size=245760Kb used=328Kb max_used=328Kb free=245431Kb
 bounds [0x0000000003890000, 0x0000000003b00000, 0x0000000012890000]
 total_blobs=58 nmethods=0 adapters=38
 compilation: enabled

Compilation events (0 events):
No events

GC Heap History (0 events):
No events

Deoptimization events (0 events):
No events

Classes redefined (0 events):
No events

Internal exceptions (0 events):
No events

Events (10 events):
Event: 0.031 loading class java/lang/Short
Event: 0.031 loading class java/lang/Short done
Event: 0.031 loading class java/lang/Integer
Event: 0.031 loading class java/lang/Integer done
Event: 0.031 loading class java/lang/Long
Event: 0.032 loading class java/lang/Long done
Event: 0.034 loading class java/lang/NullPointerException
Event: 0.034 loading class java/lang/NullPointerException done
Event: 0.034 loading class java/lang/ArithmeticException
Event: 0.034 loading class java/lang/ArithmeticException done


Dynamic libraries:
0x00007ff728ac0000 - 0x00007ff728af7000 	C:\jdk1.8.0_211\bin\javaw.exe
0x00007ffbc6db0000 - 0x00007ffbc6f91000 	C:\WINDOWS\SYSTEM32\ntdll.dll
0x00007ffbc4240000 - 0x00007ffbc42f1000 	C:\WINDOWS\System32\KERNEL32.DLL
0x00007ffbc3f10000 - 0x00007ffbc4183000 	C:\WINDOWS\System32\KERNELBASE.dll
0x00007ffbc6740000 - 0x00007ffbc67e1000 	C:\WINDOWS\System32\ADVAPI32.dll
0x00007ffbc6510000 - 0x00007ffbc65ae000 	C:\WINDOWS\System32\msvcrt.dll
0x00007ffbc4fc0000 - 0x00007ffbc501b000 	C:\WINDOWS\System32\sechost.dll
0x00007ffbc4620000 - 0x00007ffbc4744000 	C:\WINDOWS\System32\RPCRT4.dll
0x00007ffbc43a0000 - 0x00007ffbc4530000 	C:\WINDOWS\System32\USER32.dll
0x00007ffbc3470000 - 0x00007ffbc3490000 	C:\WINDOWS\System32\win32u.dll
0x00007ffbc64e0000 - 0x00007ffbc6508000 	C:\WINDOWS\System32\GDI32.dll
0x00007ffbc32d0000 - 0x00007ffbc3462000 	C:\WINDOWS\System32\gdi32full.dll
0x00007ffbc3230000 - 0x00007ffbc32cf000 	C:\WINDOWS\System32\msvcp_win.dll
0x00007ffbc3700000 - 0x00007ffbc37f8000 	C:\WINDOWS\System32\ucrtbase.dll
0x00007ffbb4530000 - 0x00007ffbb4799000 	C:\WINDOWS\WinSxS\amd64_microsoft.windows.common-controls_6595b64144ccf1df_6.0.17134.706_none_fb43a2cb30647007\COMCTL32.dll
0x00007ffbc4750000 - 0x00007ffbc4a72000 	C:\WINDOWS\System32\combase.dll
0x00007ffbc3490000 - 0x00007ffbc350a000 	C:\WINDOWS\System32\bcryptPrimitives.dll
0x00007ffbc68d0000 - 0x00007ffbc68fd000 	C:\WINDOWS\System32\IMM32.DLL
0x000000006bc40000 - 0x000000006bd12000 	C:\jdk1.8.0_211\jre\bin\msvcr100.dll
0x000000006a530000 - 0x000000006add5000 	C:\jdk1.8.0_211\jre\bin\server\jvm.dll
0x00007ffbc4530000 - 0x00007ffbc4538000 	C:\WINDOWS\System32\PSAPI.DLL
0x00007ffbb0280000 - 0x00007ffbb0289000 	C:\WINDOWS\SYSTEM32\WSOCK32.dll
0x00007ffbc1240000 - 0x00007ffbc1263000 	C:\WINDOWS\SYSTEM32\WINMM.dll
0x00007ffbbe650000 - 0x00007ffbbe65a000 	C:\WINDOWS\SYSTEM32\VERSION.dll
0x00007ffbc45b0000 - 0x00007ffbc461c000 	C:\WINDOWS\System32\WS2_32.dll
0x00007ffbc1210000 - 0x00007ffbc123a000 	C:\WINDOWS\SYSTEM32\WINMMBASE.dll
0x00007ffbc4190000 - 0x00007ffbc41d9000 	C:\WINDOWS\System32\cfgmgr32.dll
0x00007ffbb8e50000 - 0x00007ffbb8e5f000 	C:\jdk1.8.0_211\jre\bin\verify.dll
0x00007ffb9b990000 - 0x00007ffb9b9b9000 	C:\jdk1.8.0_211\jre\bin\java.dll
0x00007ffbb8760000 - 0x00007ffbb8776000 	C:\jdk1.8.0_211\jre\bin\zip.dll

VM Arguments:
jvm_args: -Dfile.encoding=MS949 
java_command: Exam6
java_class_path (initial): D:\java\workspace\13-Constructor\bin
Launcher Type: SUN_STANDARD

Environment Variables:
JAVA_HOME=C:\jdk1.8.0_211
CLASSPATH=C:\jdk1.8.0_211\lib
PATH=C:/jdk1.8.0_211/bin/../jre/bin/server;C:/jdk1.8.0_211/bin/../jre/bin;C:/jdk1.8.0_211/bin/../jre/lib/amd64;C:\oraclexe\app\oracle\product\11.2.0\server\bin;;C:\jdk1.8.0_211\bin;C:\Program Files (x86)\Common Files\Oracle\Java\javapath";C:\Program Files (x86)\NAT Service;C:\Program Files (x86)\Intel\Intel(R) Management Engine Components\iCLS\;C:\Program Files\Intel\Intel(R) Management Engine Components\iCLS\;C:\Windows\system32;C:\Windows;C:\Windows\System32\Wbem;C:\Windows\System32\WindowsPowerShell\v1.0\;C:\Program Files (x86)\NVIDIA Corporation\PhysX\Common;C:\Program Files (x86)\Intel\Intel(R) Management Engine Components\DAL;C:\Program Files\Intel\Intel(R) Management Engine Components\DAL;C:\Program Files (x86)\Intel\Intel(R) Management Engine Components\IPT;C:\Program Files\Intel\Intel(R) Management Engine Components\IPT;C:\WINDOWS\system32;C:\WINDOWS;C:\WINDOWS\System32\Wbem;C:\WINDOWS\System32\WindowsPowerShell\v1.0\;C:\WINDOWS\System32\OpenSSH\;C:\Program Files\NVIDIA Corporation\NVIDIA NvDLISR;C:\Users\dhdms\AppData\Local\Microsoft\WindowsApps;C:\Program Files\Bandizip\;C:\Program Files (x86)\ESTsoft\ALSee\x64;D:\java\eclipse;
USERNAME=oh
OS=Windows_NT
PROCESSOR_IDENTIFIER=Intel64 Family 6 Model 158 Stepping 10, GenuineIntel



---------------  S Y S T E M  ---------------

OS: Windows 10.0 , 64 bit Build 17134 (10.0.17134.706)

CPU:total 12 (initial active 12) (6 cores per cpu, 2 threads per core) family 6 model 158 stepping 10, cmov, cx8, fxsr, mmx, sse, sse2, sse3, ssse3, sse4.1, sse4.2, popcnt, avx, avx2, aes, clmul, erms, rtm, 3dnowpref, lzcnt, ht, tsc, tscinvbit, bmi1, bmi2, adx

Memory: 4k page, physical 8229712k(1567680k free), swap 16421712k(6124k free)

vm_info: Java HotSpot(TM) 64-Bit Server VM (25.211-b12) for windows-amd64 JRE (1.8.0_211-b12), built on Apr  1 2019 20:53:26 by "java_re" with MS VC++ 10.0 (VS2010)

time: Sat May 11 20:45:26 2019
timezone: 대한민국 표준시
elapsed time: 0 seconds (0d 0h 0m 0s)

