[2019-05-09 16:02:01.937] [exthost] [info] extension host started
[2019-05-09 16:02:01.959] [exthost] [info] extension host started
[2019-05-09 16:02:01.972] [exthost] [info] ExtensionService#_doActivateExtension vscode.debug-auto-launch {"startup":true,"activationEvent":"*"}
[2019-05-09 16:02:01.972] [exthost] [info] ExtensionService#loadCommonJSModule c:\Users\ezen\.codemix\engine\resources\app\extensions\debug-auto-launch\dist\extension
[2019-05-09 16:02:01.976] [exthost] [info] ExtensionService#_doActivateExtension vscode.emmet {"startup":true,"activationEvent":"*"}
[2019-05-09 16:02:01.976] [exthost] [info] ExtensionService#loadCommonJSModule c:\Users\ezen\.codemix\engine\resources\app\extensions\emmet\dist\extension
[2019-05-09 16:02:02.019] [exthost] [info] ExtensionService#_doActivateExtension vscode.merge-conflict {"startup":true,"activationEvent":"*"}
[2019-05-09 16:02:02.019] [exthost] [info] ExtensionService#loadCommonJSModule c:\Users\ezen\.codemix\engine\resources\app\extensions\merge-conflict\dist\extension
[2019-05-09 16:02:02.040] [exthost] [info] ExtensionService#_doActivateExtension vscode.configuration-editing {"startup":false,"activationEvent":"onLanguage:jsonc"}
[2019-05-09 16:02:02.040] [exthost] [info] ExtensionService#loadCommonJSModule c:\Users\ezen\.codemix\engine\resources\app\extensions\configuration-editing\dist\extension
[2019-05-09 16:02:02.067] [exthost] [info] ExtensionService#_doActivateExtension vscode.json-language-features {"startup":false,"activationEvent":"onLanguage:jsonc"}
[2019-05-09 16:02:02.067] [exthost] [info] ExtensionService#loadCommonJSModule c:\Users\ezen\.codemix\engine\resources\app\extensions\json-language-features\client\dist\jsonMain
[2019-05-09 16:02:02.319] [exthost] [info] ExtensionService#_doActivateExtension vscode.typescript-language-features {"startup":false,"activationEvent":"onLanguage:jsonc"}
[2019-05-09 16:02:02.319] [exthost] [info] ExtensionService#loadCommonJSModule c:\Users\ezen\.codemix\engine\resources\app\extensions\typescript-language-features\dist\extension
[2019-05-09 16:02:02.457] [exthost] [info] ExtensionService#_doActivateExtension vscode.grunt {"startup":false,"activationEvent":"onCommand:workbench.action.tasks.runTask"}
[2019-05-09 16:02:02.457] [exthost] [info] ExtensionService#loadCommonJSModule c:\Users\ezen\.codemix\engine\resources\app\extensions\grunt\dist\main
[2019-05-09 16:02:02.467] [exthost] [info] ExtensionService#_doActivateExtension vscode.gulp {"startup":false,"activationEvent":"onCommand:workbench.action.tasks.runTask"}
[2019-05-09 16:02:02.467] [exthost] [info] ExtensionService#loadCommonJSModule c:\Users\ezen\.codemix\engine\resources\app\extensions\gulp\dist\main
[2019-05-09 16:02:02.477] [exthost] [info] ExtensionService#_doActivateExtension vscode.jake {"startup":false,"activationEvent":"onCommand:workbench.action.tasks.runTask"}
[2019-05-09 16:02:02.477] [exthost] [info] ExtensionService#loadCommonJSModule c:\Users\ezen\.codemix\engine\resources\app\extensions\jake\dist\main
[2019-05-09 16:02:02.488] [exthost] [info] ExtensionService#_doActivateExtension vscode.npm {"startup":false,"activationEvent":"onCommand:workbench.action.tasks.runTask"}
[2019-05-09 16:02:02.488] [exthost] [info] ExtensionService#loadCommonJSModule c:\Users\ezen\.codemix\engine\resources\app\extensions\npm\dist\main
[2019-05-09 16:02:02.550] [exthost] [info] eager extensions activated
[2019-05-09 16:02:02.674] [exthost] [info] ExtensionService#_doActivateExtension christian-kohler.path-intellisense {"startup":false,"activationEvent":"*"}
[2019-05-09 16:02:02.674] [exthost] [info] ExtensionService#loadCommonJSModule c:\Users\ezen\.codemix\extensions\christian-kohler.path-intellisense-1.4.2\out\src\extension
[2019-05-09 16:02:06.207] [exthost] [info] ExtensionService#_doActivateExtension dbaeumer.vscode-eslint {"startup":false,"activationEvent":"*"}
[2019-05-09 16:02:06.207] [exthost] [info] ExtensionService#loadCommonJSModule c:\Users\ezen\.codemix\extensions\dbaeumer.vscode-eslint-1.8.2\client\out\extension
[2019-05-09 16:02:06.382] [exthost] [info] ExtensionService#_doActivateExtension formulahendry.auto-close-tag {"startup":false,"activationEvent":"*"}
[2019-05-09 16:02:06.382] [exthost] [info] ExtensionService#loadCommonJSModule c:\Users\ezen\.codemix\extensions\formulahendry.auto-close-tag-0.5.6\out\src\extension
[2019-05-09 16:02:12.184] [exthost] [info] ExtensionService#_doActivateExtension formulahendry.auto-rename-tag {"startup":false,"activationEvent":"*"}
[2019-05-09 16:02:12.184] [exthost] [info] ExtensionService#loadCommonJSModule c:\Users\ezen\.codemix\extensions\formulahendry.auto-rename-tag-0.0.15\out\src\extension
[2019-05-09 16:02:17.992] [exthost] [info] extension host started
[2019-05-09 16:02:18.406] [exthost] [info] extension host started
[2019-05-09 16:02:18.419] [exthost] [info] ExtensionService#_doActivateExtension vscode.debug-auto-launch {"startup":true,"activationEvent":"*"}
[2019-05-09 16:02:18.419] [exthost] [info] ExtensionService#loadCommonJSModule c:\Users\ezen\.codemix\engine\resources\app\extensions\debug-auto-launch\dist\extension
[2019-05-09 16:02:18.422] [exthost] [info] ExtensionService#_doActivateExtension vscode.emmet {"startup":true,"activationEvent":"*"}
[2019-05-09 16:02:18.422] [exthost] [info] ExtensionService#loadCommonJSModule c:\Users\ezen\.codemix\engine\resources\app\extensions\emmet\dist\extension
[2019-05-09 16:02:18.426] [exthost] [info] ExtensionService#_doActivateExtension vscode.merge-conflict {"startup":true,"activationEvent":"*"}
[2019-05-09 16:02:18.426] [exthost] [info] ExtensionService#loadCommonJSModule c:\Users\ezen\.codemix\engine\resources\app\extensions\merge-conflict\dist\extension
[2019-05-09 16:02:18.429] [exthost] [info] ExtensionService#_doActivateExtension christian-kohler.path-intellisense {"startup":true,"activationEvent":"*"}
[2019-05-09 16:02:18.429] [exthost] [info] ExtensionService#loadCommonJSModule C:\Users\ezen\.codemix\extensions\christian-kohler.path-intellisense-1.4.2\out\src\extension
[2019-05-09 16:02:18.449] [exthost] [info] ExtensionService#_doActivateExtension dbaeumer.vscode-eslint {"startup":true,"activationEvent":"*"}
[2019-05-09 16:02:18.449] [exthost] [info] ExtensionService#loadCommonJSModule C:\Users\ezen\.codemix\extensions\dbaeumer.vscode-eslint-1.8.2\client\out\extension
[2019-05-09 16:02:18.489] [exthost] [info] ExtensionService#_doActivateExtension formulahendry.auto-close-tag {"startup":true,"activationEvent":"*"}
[2019-05-09 16:02:18.489] [exthost] [info] ExtensionService#loadCommonJSModule C:\Users\ezen\.codemix\extensions\formulahendry.auto-close-tag-0.5.6\out\src\extension
[2019-05-09 16:02:18.491] [exthost] [info] ExtensionService#_doActivateExtension formulahendry.auto-rename-tag {"startup":true,"activationEvent":"*"}
[2019-05-09 16:02:18.491] [exthost] [info] ExtensionService#loadCommonJSModule C:\Users\ezen\.codemix\extensions\formulahendry.auto-rename-tag-0.0.15\out\src\extension
[2019-05-09 16:02:18.495] [exthost] [info] ExtensionService#_doActivateExtension vscode.configuration-editing {"startup":false,"activationEvent":"onLanguage:jsonc"}
[2019-05-09 16:02:18.495] [exthost] [info] ExtensionService#loadCommonJSModule c:\Users\ezen\.codemix\engine\resources\app\extensions\configuration-editing\dist\extension
[2019-05-09 16:02:18.498] [exthost] [info] ExtensionService#_doActivateExtension vscode.json-language-features {"startup":false,"activationEvent":"onLanguage:jsonc"}
[2019-05-09 16:02:18.498] [exthost] [info] ExtensionService#loadCommonJSModule c:\Users\ezen\.codemix\engine\resources\app\extensions\json-language-features\client\dist\jsonMain
[2019-05-09 16:02:18.511] [exthost] [info] ExtensionService#_doActivateExtension vscode.typescript-language-features {"startup":false,"activationEvent":"onLanguage:jsonc"}
[2019-05-09 16:02:18.511] [exthost] [info] ExtensionService#loadCommonJSModule c:\Users\ezen\.codemix\engine\resources\app\extensions\typescript-language-features\dist\extension
[2019-05-09 16:02:18.533] [exthost] [info] ExtensionService#_doActivateExtension vscode.grunt {"startup":false,"activationEvent":"onCommand:workbench.action.tasks.runTask"}
[2019-05-09 16:02:18.533] [exthost] [info] ExtensionService#loadCommonJSModule c:\Users\ezen\.codemix\engine\resources\app\extensions\grunt\dist\main
[2019-05-09 16:02:18.536] [exthost] [info] ExtensionService#_doActivateExtension vscode.gulp {"startup":false,"activationEvent":"onCommand:workbench.action.tasks.runTask"}
[2019-05-09 16:02:18.536] [exthost] [info] ExtensionService#loadCommonJSModule c:\Users\ezen\.codemix\engine\resources\app\extensions\gulp\dist\main
[2019-05-09 16:02:18.542] [exthost] [info] ExtensionService#_doActivateExtension vscode.jake {"startup":false,"activationEvent":"onCommand:workbench.action.tasks.runTask"}
[2019-05-09 16:02:18.542] [exthost] [info] ExtensionService#loadCommonJSModule c:\Users\ezen\.codemix\engine\resources\app\extensions\jake\dist\main
[2019-05-09 16:02:18.544] [exthost] [info] ExtensionService#_doActivateExtension vscode.npm {"startup":false,"activationEvent":"onCommand:workbench.action.tasks.runTask"}
[2019-05-09 16:02:18.544] [exthost] [info] ExtensionService#loadCommonJSModule c:\Users\ezen\.codemix\engine\resources\app\extensions\npm\dist\main
[2019-05-09 16:02:18.557] [exthost] [info] eager extensions activated
[2019-05-09 16:06:06.137] [exthost] [info] extension host started
[2019-05-09 16:06:06.151] [exthost] [info] ExtensionService#_doActivateExtension vscode.debug-auto-launch {"startup":true,"activationEvent":"*"}
[2019-05-09 16:06:06.152] [exthost] [info] ExtensionService#loadCommonJSModule c:\Users\ezen\.codemix\engine\resources\app\extensions\debug-auto-launch\dist\extension
[2019-05-09 16:06:06.156] [exthost] [info] ExtensionService#_doActivateExtension vscode.emmet {"startup":true,"activationEvent":"*"}
[2019-05-09 16:06:06.156] [exthost] [info] ExtensionService#loadCommonJSModule c:\Users\ezen\.codemix\engine\resources\app\extensions\emmet\dist\extension
[2019-05-09 16:06:06.159] [exthost] [info] ExtensionService#_doActivateExtension vscode.merge-conflict {"startup":true,"activationEvent":"*"}
[2019-05-09 16:06:06.159] [exthost] [info] ExtensionService#loadCommonJSModule c:\Users\ezen\.codemix\engine\resources\app\extensions\merge-conflict\dist\extension
[2019-05-09 16:06:06.162] [exthost] [info] ExtensionService#_doActivateExtension christian-kohler.path-intellisense {"startup":true,"activationEvent":"*"}
[2019-05-09 16:06:06.162] [exthost] [info] ExtensionService#loadCommonJSModule C:\Users\ezen\.codemix\extensions\christian-kohler.path-intellisense-1.4.2\out\src\extension
[2019-05-09 16:06:06.178] [exthost] [info] ExtensionService#_doActivateExtension dbaeumer.vscode-eslint {"startup":true,"activationEvent":"*"}
[2019-05-09 16:06:06.178] [exthost] [info] ExtensionService#loadCommonJSModule C:\Users\ezen\.codemix\extensions\dbaeumer.vscode-eslint-1.8.2\client\out\extension
[2019-05-09 16:06:06.186] [exthost] [info] ExtensionService#_doActivateExtension formulahendry.auto-close-tag {"startup":true,"activationEvent":"*"}
[2019-05-09 16:06:06.186] [exthost] [info] ExtensionService#loadCommonJSModule C:\Users\ezen\.codemix\extensions\formulahendry.auto-close-tag-0.5.6\out\src\extension
[2019-05-09 16:06:06.187] [exthost] [info] ExtensionService#_doActivateExtension formulahendry.auto-rename-tag {"startup":true,"activationEvent":"*"}
[2019-05-09 16:06:06.187] [exthost] [info] ExtensionService#loadCommonJSModule C:\Users\ezen\.codemix\extensions\formulahendry.auto-rename-tag-0.0.15\out\src\extension
[2019-05-09 16:06:06.191] [exthost] [info] ExtensionService#_doActivateExtension vscode.configuration-editing {"startup":false,"activationEvent":"onLanguage:jsonc"}
[2019-05-09 16:06:06.191] [exthost] [info] ExtensionService#loadCommonJSModule c:\Users\ezen\.codemix\engine\resources\app\extensions\configuration-editing\dist\extension
[2019-05-09 16:06:06.193] [exthost] [info] ExtensionService#_doActivateExtension vscode.json-language-features {"startup":false,"activationEvent":"onLanguage:jsonc"}
[2019-05-09 16:06:06.193] [exthost] [info] ExtensionService#loadCommonJSModule c:\Users\ezen\.codemix\engine\resources\app\extensions\json-language-features\client\dist\jsonMain
[2019-05-09 16:06:06.204] [exthost] [info] ExtensionService#_doActivateExtension vscode.typescript-language-features {"startup":false,"activationEvent":"onLanguage:jsonc"}
[2019-05-09 16:06:06.204] [exthost] [info] ExtensionService#loadCommonJSModule c:\Users\ezen\.codemix\engine\resources\app\extensions\typescript-language-features\dist\extension
[2019-05-09 16:06:06.215] [exthost] [info] ExtensionService#_doActivateExtension vscode.grunt {"startup":false,"activationEvent":"onCommand:workbench.action.tasks.runTask"}
[2019-05-09 16:06:06.215] [exthost] [info] ExtensionService#loadCommonJSModule c:\Users\ezen\.codemix\engine\resources\app\extensions\grunt\dist\main
[2019-05-09 16:06:06.217] [exthost] [info] ExtensionService#_doActivateExtension vscode.gulp {"startup":false,"activationEvent":"onCommand:workbench.action.tasks.runTask"}
[2019-05-09 16:06:06.217] [exthost] [info] ExtensionService#loadCommonJSModule c:\Users\ezen\.codemix\engine\resources\app\extensions\gulp\dist\main
[2019-05-09 16:06:06.218] [exthost] [info] ExtensionService#_doActivateExtension vscode.jake {"startup":false,"activationEvent":"onCommand:workbench.action.tasks.runTask"}
[2019-05-09 16:06:06.218] [exthost] [info] ExtensionService#loadCommonJSModule c:\Users\ezen\.codemix\engine\resources\app\extensions\jake\dist\main
[2019-05-09 16:06:06.220] [exthost] [info] ExtensionService#_doActivateExtension vscode.npm {"startup":false,"activationEvent":"onCommand:workbench.action.tasks.runTask"}
[2019-05-09 16:06:06.220] [exthost] [info] ExtensionService#loadCommonJSModule c:\Users\ezen\.codemix\engine\resources\app\extensions\npm\dist\main
[2019-05-09 16:06:06.228] [exthost] [info] eager extensions activated
[2019-05-09 16:12:03.341] [exthost] [info] ExtensionService#_doActivateExtension vscode.html-language-features {"startup":false,"activationEvent":"onLanguage:html"}
[2019-05-09 16:12:03.341] [exthost] [info] ExtensionService#loadCommonJSModule c:\Users\ezen\.codemix\engine\resources\app\extensions\html-language-features\client\dist\htmlMain
[2019-05-09 16:12:03.405] [exthost] [info] ExtensionService#_doActivateExtension mkaufman.HTMLHint {"startup":false,"activationEvent":"onLanguage:html"}
[2019-05-09 16:12:03.405] [exthost] [info] ExtensionService#loadCommonJSModule C:\Users\ezen\.codemix\extensions\mkaufman.htmlhint-0.6.0\out\extension
